<?xml version="1.0" encoding="UTF-8"?>
<!-- Generated by org.testng.reporters.JUnitReportReporter -->
<testsuite skipped="0" hostname="A2ML25826" name="newTours.Automation.CruiseBookingApp" tests="1" failures="0" timestamp="2020-04-01T14:50:33 IST" time="56.400" errors="0">
  <testcase name="CruiseBooking" time="56.400" classname="newTours.Automation.CruiseBookingApp"/>
  <system-out>
Starting the applicaton Crise booking process started Cruise booking is successful  </system-out>
</testsuite> <!-- newTours.Automation.CruiseBookingApp -->
