<?xml version="1.0" encoding="UTF-8"?>
<!-- Generated by org.testng.reporters.JUnitReportReporter -->
<testsuite skipped="0" hostname="A2ML25826" name="newTours.Automation.BrokenLinksOfApp" tests="1" failures="0" timestamp="2020-04-08T12:59:29 IST" time="31.168" errors="0">
  <testcase name="BrokenLinks" time="31.168" classname="newTours.Automation.BrokenLinksOfApp"/>
  <system-out>
Starting the applicaton  </system-out>
</testsuite> <!-- newTours.Automation.BrokenLinksOfApp -->
