<?xml version="1.0" encoding="UTF-8"?>
<!-- Generated by org.testng.reporters.JUnitReportReporter -->
<testsuite skipped="0" hostname="A2ML25826" name="newTours.Automation.LoginToApp" tests="1" failures="0" timestamp="2020-04-08T12:59:29 IST" time="267.431" errors="0">
  <testcase name="Login" time="267.431" classname="newTours.Automation.LoginToApp"/>
  <system-out>
Starting the applicaton Login process started Login is successful  </system-out>
</testsuite> <!-- newTours.Automation.LoginToApp -->
