<?xml version="1.0" encoding="UTF-8"?>
<!-- Generated by org.testng.reporters.JUnitReportReporter -->
<testsuite skipped="0" hostname="A2ML25826" name="newTours.Automation.BrokenLinksOfApp" tests="1" failures="0" timestamp="2020-04-01T15:11:30 IST" time="35.465" errors="0">
  <testcase name="BrokenLinks" time="35.465" classname="newTours.Automation.BrokenLinksOfApp"/>
  <system-out>
Starting the applicaton  </system-out>
</testsuite> <!-- newTours.Automation.BrokenLinksOfApp -->
