<?xml version="1.0" encoding="UTF-8"?>
<!-- Generated by org.testng.reporters.JUnitReportReporter -->
<testsuite skipped="0" hostname="A2ML25826" name="newTours.Automation.FlightBookingApp" tests="1" failures="0" timestamp="2020-04-01T14:59:16 IST" time="63.694" errors="0">
  <testcase name="FlightBooking" time="63.694" classname="newTours.Automation.FlightBookingApp"/>
  <system-out>
Starting the applicaton Flight booking process started Flight booking is successful  </system-out>
</testsuite> <!-- newTours.Automation.FlightBookingApp -->
