<?xml version="1.0" encoding="UTF-8"?>
<!-- Generated by org.testng.reporters.JUnitReportReporter -->
<testsuite skipped="0" hostname="A2ML25826" name="newTours.Automation.RegisterToApp" tests="1" failures="0" timestamp="2020-04-08T12:59:29 IST" time="235.618" errors="0">
  <testcase name="Register" time="235.618" classname="newTours.Automation.RegisterToApp"/>
  <system-out>
Starting the applicaton Registartion process started Registration successful  </system-out>
</testsuite> <!-- newTours.Automation.RegisterToApp -->
